2020-Dec-21 15:44:22 Наличие необходимых модулей php (check_php_modules): Ok
Все необходимые модули установлены
2020-Dec-21 15:44:22 Обязательные параметры PHP (check_php_settings): Ok
Настройки правильные
2020-Dec-21 15:44:22 Модули веб-сервера (check_security): Ok
Конфликтов не выявлено
2020-Dec-21 15:44:22 Значения переменных сервера (check_server_vars): Ok
Корректные
2020-Dec-21 15:44:22 Сохранение сессии (check_session): Ok
50% done
2020-Dec-21 15:44:22 Сохранение сессии (check_session): Ok
Успешно
2020-Dec-21 15:44:22 Параметры настройки UTF (mbstring и константа BX_UTF) (check_mbstring): Ok
Правильные. Сайт работает в UTF кодировке
2020-Dec-21 15:44:22 Служебные скрипты в корне сайта (check_install_scripts): Ok
Отсутствуют
2020-Dec-21 15:44:22 Работа с сокетами (check_socket): Ok
Connection to ssl://255325.simplecloud.ru:443	Success

Успешно
2020-Dec-21 15:44:22 Выполнение агентов на cron (check_bx_crontab): Ok
Успешно
2020-Dec-21 15:44:23 Бизнес-чат в реальном времени (check_pull_stream): Warning
Server version: 4 (Bitrix Push server)
Connection to ssl://255325.simplecloud.ru:443	Success
Connection to 255325.simplecloud.ru:8895	Success

Замечание. При наличии модуля мгновенных сообщений необходимо выключить продление сессии при активности в настройках главного модуля для снижения нагрузки на сервер.
2020-Dec-21 15:44:23 Живые комментарии в ленте сообщений (check_pull_comments): Ok
Успешно
2020-Dec-21 15:44:24 Видеозвонки (check_turn): Ok
Connection to turn.calls.bitrix24.com:40001	Success

Доступны
2020-Dec-21 15:44:25 Мобильное приложение Битрикс24 (check_access_mobile): Ok
Connection to checker.internal.bitrix24.com:80	Success
== Request ==
GET /check/?license_hash=ee054a156a095bf850f0e0539a11dc45&host=255325.simplecloud.ru&port=443&https=Y HTTP/1.1
host: checker.internal.bitrix24.com


== Response ==
HTTP/1.1 200 OK
Content-Type: text/plain
Date: Mon, 21 Dec 2020 12:44:24 GMT
Server: nginx/1.8.1
X-Powered-By: PHP/5.3.3
Content-Length: 46
Connection: keep-alive

== Body ==
Check: OK
Status: 200
Connection: keep-alive

==========
Connection to checker.internal.bitrix24.com:80	Success
== Request ==
GET /check/?license_hash=ee054a156a095bf850f0e0539a11dc45&host=255325.simplecloud.ru&port=8894&https=Y HTTP/1.1
host: checker.internal.bitrix24.com


== Response ==
HTTP/1.1 200 OK
Content-Type: text/plain
Date: Mon, 21 Dec 2020 12:44:25 GMT
Server: nginx/1.8.1
X-Powered-By: PHP/5.3.3
Content-Length: 46
Connection: keep-alive

== Body ==
Check: OK
Status: 403
Connection: keep-alive

==========

Успешно
2020-Dec-21 15:44:25 Уведомления пользователям на мобильные устройства (push уведомления) (check_push_bitrix): Ok
Connection to ssl://cloud-messaging.bitrix24.com:443	Success

Успешно
2020-Dec-21 15:44:25 Работа с документами через Google Docs и MS Office Online (check_access_docs): Ok
Успешно
2020-Dec-21 15:44:25 Битрикс24.Диск. Быстрая работа с файлами (check_fast_download): Ok
Connection to ssl://255325.simplecloud.ru:443	Success

Успешно
2020-Dec-21 15:44:25 Поиск по содержимому документов (check_search): Ok
Успешно
2020-Dec-21 15:44:25 Отправка почтовых уведомлений (check_mail): Fail
Ошибка! Не работает
2020-Dec-21 15:44:26 Доступ к облачным сервисам 1С-Битрикс (check_ca_file): Ok
Успешно
2020-Dec-21 15:44:26 Интеграция с почтой внутри компании (check_connect_mail): Ok
Успешно
2020-Dec-21 15:44:26 Интеграция с соцсетями (check_socnet): Warning
Замечание. Не настроен ни один социальный сервис в настройках модуля социальных сервисов
2020-Dec-21 15:44:26 Работа с REST API (check_rest): Ok
Успешно
2020-Dec-21 15:44:26 Публикация сообщений в живую ленту из почты (check_mail_push): Warning
Замечание. Не удалось получить MX запись для домена 255325.simplecloud.ru
2020-Dec-21 15:44:26 Редактирование документов в MS Office (check_webdav): Ok
Connection to ssl://255325.simplecloud.ru:443	Success
Connection to ssl://255325.simplecloud.ru:443	Success
Connection to ssl://255325.simplecloud.ru:443	Success
Connection to ssl://255325.simplecloud.ru:443	Success
Connection to ssl://255325.simplecloud.ru:443	Success

Успешно
2020-Dec-21 15:44:27 Интеграция с внешними приложениями (MS Office, Outlook, Exchange) через безопасное подключение к порталу (check_socket_ssl): Ok
Connection to ssl://255325.simplecloud.ru:443 (certificate check enabled)	Success

Успешно
2020-Dec-21 15:44:27 Интеграция с Active Directory (check_ad): Warning
Замечание. Интеграция с AD сервером не настроена
2020-Dec-21 15:44:27 Единая авторизация в Windows сети (NTLM) (check_ntlm): Warning
Замечание. Выключена опция использования NTLM авторизации в настройках модуля ldap
2020-Dec-21 15:44:27 Оценка производительности сервера (check_perf): Ok
Connection to ssl://255325.simplecloud.ru:443	Success
Connection to ssl://255325.simplecloud.ru:443	Success
Connection to ssl://255325.simplecloud.ru:443	Success

Высокая (31.85 страниц в секунду)
2020-Dec-21 15:44:27 Ускорение открытия страниц (check_compression): Ok
Connection to ssl://255325.simplecloud.ru:443	Success

Работает: используется сжатие модулем сервера
